[LOG] FMOD_System_Create                       : Header version = 2.03.08. Current version = 2.03.08.
[LOG] system_create                            : Header version = 2.03.08. Current version = 2.03.08.
[LOG] Manager::init                            : maxchannels = 256 studioflags = 00000006 flags 00000000 extradriverdata 0000000000000000.
[LOG] SystemI::init                            : Initialize version=20308 (153137), maxchannels=256, flags=0x00020000
[LOG] SystemI::setOutputInternal               : Setting output to 'FMOD WASAPI Output'
[LOG] OutputWASAPI::init                       : Mix Format (WAVEFORMATEX): wFormatTag=0xFFFE, nChannels=2, nSamplesPerSec=192000, nAvgBytesPerSec=1536000, nBlockAlign=8, wBitsPerSample=32, cbSize=22.
[LOG] OutputWASAPI::init                       : Mix Format (WAVEFORMATEXTENSIBLE): wValidBitsPerSample=32, dwChannelMask=0x00000003, SubFormat=00000003-0000-0010-8000-00AA00389B71.
[LOG] OutputWASAPI::init                       : Output buffer size: 8192 samples, latency: 0.00ms, period: 10.00ms, DSP buffer: 512 * 4
[LOG] SystemI::init                            : Output requires a sample rate of 192000Hz, resampling will occur.
[LOG] Thread::initThread                       : Init FMOD stream thread. Affinity: 0x4000000000000003, Priority: 0xFFFF7FFB, Stack Size: 98304, Semaphore: No, Sleep Time: 10, Looping: Yes.
[LOG] SystemI::DSPCodecPoolRegister            : register codec pool for pool type 0
[LOG] Thread::initThread                       : Init FMOD mixer thread. Affinity: 0x4000000000000001, Priority: 0xFFFF7FFA, Stack Size: 81920, Semaphore: No, Sleep Time: 0, Looping: Yes.
[LOG] AsyncManager::init                       : manager 00000226DC093258 isAsync 0 updatePeriod 0.02
[LOG] AsyncManager::init                       : done
[LOG] PlaybackSystem::init                     : 
[LOG] Thread::initThread                       : Init FMOD Studio sample load thread. Affinity: 0x4000000000000003, Priority: 0xFFFF7FFD, Stack Size: 98304, Semaphore: No, Sleep Time: 1, Looping: No.
[LOG] PlaybackSystem::init                     : done
[LOG] Thread::initThread                       : Init FMOD Studio bank load thread. Affinity: 0x4000000000000003, Priority: 0xFFFF7FFD, Stack Size: 98304, Semaphore: No, Sleep Time: 1, Looping: No.
[LOG] Manager::init                            : done.
[LOG] BankLoader::serializeBank                : fileversion = 146, compatVersion = 146 (oldest = 44, newest = 146)
[LOG] BankLoader::serializeBank                : fileversion = 146, compatVersion = 146 (oldest = 44, newest = 146)
[LOG] PlaybackSystem::acquireMasterBus         : Setting master channel group format to 6
[LOG] SystemI::createSoundInternal             : Create name='', mode=0x02000202
[LOG] SystemI::createSoundInternal             : exinfo->cbsize             = 224
[LOG] SystemI::createSoundInternal             : exinfo->length             = 3968544
[LOG] SystemI::createSoundInternal             : exinfo->fileoffset         = 15808
[LOG] SystemI::createSoundInternal             : exinfo->numsubsounds       = 1
[LOG] SystemI::createSoundInternal             : exinfo->inclusionlist      = 0000005CB34FF268
[LOG] SystemI::createSoundInternal             : exinfo->inclusionlistnum   = 1
[LOG] SystemI::createSoundInternal             : exinfo->suggestedsoundtype = 5
[LOG] SystemI::createSoundInternal             : exinfo->useropen           = 00007FFD4B62D480
[LOG] SystemI::createSoundInternal             : exinfo->userclose          = 00007FFD4B62D440
[LOG] SystemI::createSoundInternal             : exinfo->userread           = 00007FFD4B62D560
[LOG] SystemI::createSoundInternal             : exinfo->userseek           = 00007FFD4B62D620
[LOG] SystemI::createSoundInternal             : exinfo->fileuserdata       = 00000225BF387208
[LOG] SystemI::createSoundInternal             : exinfo->initialseekpostype = 1
[LOG] SystemI::DSPCodecPoolRegister            : register codec pool for pool type 4
[LOG] SystemI::createSoundInternal             : Sample 0/1: name='Hit', format=5, channels=1, frequency=48000, lengthbytes=672, lengthpcm=2238, pcmblocksize=0, loopstart=0, loopend=0, mode=0x00000000, channelmask=0x00000000, channelorder=0, peakvolume=0.361328.
[LOG] SystemI::createSoundInternal             : Create name='', mode=0x02000202
[LOG] SystemI::createSoundInternal             : exinfo->cbsize             = 224
[LOG] SystemI::createSoundInternal             : exinfo->length             = 3968544
[LOG] SystemI::createSoundInternal             : exinfo->fileoffset         = 15808
[LOG] SystemI::createSoundInternal             : exinfo->numsubsounds       = 1
[LOG] SystemI::createSoundInternal             : exinfo->inclusionlist      = 0000005CB34FF268
[LOG] SystemI::createSoundInternal             : exinfo->inclusionlistnum   = 1
[LOG] SystemI::createSoundInternal             : exinfo->suggestedsoundtype = 5
[LOG] SystemI::createSoundInternal             : exinfo->useropen           = 00007FFD4B62D480
[LOG] SystemI::createSoundInternal             : exinfo->userclose          = 00007FFD4B62D440
[LOG] SystemI::createSoundInternal             : exinfo->userread           = 00007FFD4B62D560
[LOG] SystemI::createSoundInternal             : exinfo->userseek           = 00007FFD4B62D620
[LOG] SystemI::createSoundInternal             : exinfo->fileuserdata       = 00000225BF387208
[LOG] SystemI::createSoundInternal             : exinfo->initialseekpostype = 1
[LOG] SystemI::DSPCodecPoolRegister            : register codec pool for pool type 4
[LOG] SystemI::createSoundInternal             : Sample 0/1: name='Hit5', format=5, channels=1, frequency=48000, lengthbytes=768, lengthpcm=1966, pcmblocksize=0, loopstart=0, loopend=0, mode=0x00000000, channelmask=0x00000000, channelorder=0, peakvolume=0.359985.
[LOG] SystemI::createSoundInternal             : Create name='', mode=0x02000202
[LOG] SystemI::createSoundInternal             : exinfo->cbsize             = 224
[LOG] SystemI::createSoundInternal             : exinfo->length             = 3968544
[LOG] SystemI::createSoundInternal             : exinfo->fileoffset         = 15808
[LOG] SystemI::createSoundInternal             : exinfo->numsubsounds       = 1
[LOG] SystemI::createSoundInternal             : exinfo->inclusionlist      = 0000005CB34FF268
[LOG] SystemI::createSoundInternal             : exinfo->inclusionlistnum   = 1
[LOG] SystemI::createSoundInternal             : exinfo->suggestedsoundtype = 5
[LOG] SystemI::createSoundInternal             : exinfo->useropen           = 00007FFD4B62D480
[LOG] SystemI::createSoundInternal             : exinfo->userclose          = 00007FFD4B62D440
[LOG] SystemI::createSoundInternal             : exinfo->userread           = 00007FFD4B62D560
[LOG] SystemI::createSoundInternal             : exinfo->userseek           = 00007FFD4B62D620
[LOG] SystemI::createSoundInternal             : exinfo->fileuserdata       = 00000225BF387208
[LOG] SystemI::createSoundInternal             : exinfo->initialseekpostype = 1
[LOG] SystemI::DSPCodecPoolRegister            : register codec pool for pool type 4
[LOG] SystemI::createSoundInternal             : Sample 0/1: name='Hit2', format=5, channels=1, frequency=48000, lengthbytes=608, lengthpcm=1625, pcmblocksize=0, loopstart=0, loopend=0, mode=0x00000000, channelmask=0x00000000, channelorder=0, peakvolume=0.225769.
[LOG] SystemI::createSoundInternal             : Create name='', mode=0x02000202
[LOG] SystemI::createSoundInternal             : exinfo->cbsize             = 224
[LOG] SystemI::createSoundInternal             : exinfo->length             = 3968544
[LOG] SystemI::createSoundInternal             : exinfo->fileoffset         = 15808
[LOG] SystemI::createSoundInternal             : exinfo->numsubsounds       = 1
[LOG] SystemI::createSoundInternal             : exinfo->inclusionlist      = 0000005CB34FF268
[LOG] SystemI::createSoundInternal             : exinfo->inclusionlistnum   = 1
[LOG] SystemI::createSoundInternal             : exinfo->suggestedsoundtype = 5
[LOG] SystemI::createSoundInternal             : exinfo->useropen           = 00007FFD4B62D480
[LOG] SystemI::createSoundInternal             : exinfo->userclose          = 00007FFD4B62D440
[LOG] SystemI::createSoundInternal             : exinfo->userread           = 00007FFD4B62D560
[LOG] SystemI::createSoundInternal             : exinfo->userseek           = 00007FFD4B62D620
[LOG] SystemI::createSoundInternal             : exinfo->fileuserdata       = 00000225BF387208
[LOG] SystemI::createSoundInternal             : exinfo->initialseekpostype = 1
[LOG] SystemI::DSPCodecPoolRegister            : register codec pool for pool type 4
[LOG] SystemI::createSoundInternal             : Sample 0/1: name='Hit1', format=5, channels=1, frequency=48000, lengthbytes=544, lengthpcm=1898, pcmblocksize=0, loopstart=0, loopend=0, mode=0x00000000, channelmask=0x00000000, channelorder=0, peakvolume=0.210571.
[LOG] SystemI::createSoundInternal             : Create name='', mode=0x02000202
[LOG] SystemI::createSoundInternal             : exinfo->cbsize             = 224
[LOG] SystemI::createSoundInternal             : exinfo->length             = 3968544
[LOG] SystemI::createSoundInternal             : exinfo->fileoffset         = 15808
[LOG] SystemI::createSoundInternal             : exinfo->numsubsounds       = 1
[LOG] SystemI::createSoundInternal             : exinfo->inclusionlist      = 0000005CB34FF268
[LOG] SystemI::createSoundInternal             : exinfo->inclusionlistnum   = 1
[LOG] SystemI::createSoundInternal             : exinfo->suggestedsoundtype = 5
[LOG] SystemI::createSoundInternal             : exinfo->useropen           = 00007FFD4B62D480
[LOG] SystemI::createSoundInternal             : exinfo->userclose          = 00007FFD4B62D440
[LOG] SystemI::createSoundInternal             : exinfo->userread           = 00007FFD4B62D560
[LOG] SystemI::createSoundInternal             : exinfo->userseek           = 00007FFD4B62D620
[LOG] SystemI::createSoundInternal             : exinfo->fileuserdata       = 00000225BF387208
[LOG] SystemI::createSoundInternal             : exinfo->initialseekpostype = 1
[LOG] SystemI::DSPCodecPoolRegister            : register codec pool for pool type 4
[LOG] SystemI::createSoundInternal             : Sample 0/1: name='Hit4', format=5, channels=1, frequency=48000, lengthbytes=768, lengthpcm=2592, pcmblocksize=0, loopstart=0, loopend=0, mode=0x00000000, channelmask=0x00000000, channelorder=0, peakvolume=0.549530.
[LOG] SystemI::createSoundInternal             : Create name='', mode=0x02000202
[LOG] SystemI::createSoundInternal             : exinfo->cbsize             = 224
[LOG] SystemI::createSoundInternal             : exinfo->length             = 3968544
[LOG] SystemI::createSoundInternal             : exinfo->fileoffset         = 15808
[LOG] SystemI::createSoundInternal             : exinfo->numsubsounds       = 1
[LOG] SystemI::createSoundInternal             : exinfo->inclusionlist      = 0000005CB34FF268
[LOG] SystemI::createSoundInternal             : exinfo->inclusionlistnum   = 1
[LOG] SystemI::createSoundInternal             : exinfo->suggestedsoundtype = 5
[LOG] SystemI::createSoundInternal             : exinfo->useropen           = 00007FFD4B62D480
[LOG] SystemI::createSoundInternal             : exinfo->userclose          = 00007FFD4B62D440
[LOG] SystemI::createSoundInternal             : exinfo->userread           = 00007FFD4B62D560
[LOG] SystemI::createSoundInternal             : exinfo->userseek           = 00007FFD4B62D620
[LOG] SystemI::createSoundInternal             : exinfo->fileuserdata       = 00000225BF3848C8
[LOG] SystemI::createSoundInternal             : exinfo->initialseekpostype = 1
[LOG] SystemI::DSPCodecPoolRegister            : register codec pool for pool type 4
[LOG] SystemI::createSoundInternal             : Sample 0/1: name='Pickup', format=5, channels=1, frequency=48000, lengthbytes=5728, lengthpcm=28640, pcmblocksize=0, loopstart=0, loopend=0, mode=0x00000000, channelmask=0x00000000, channelorder=0, peakvolume=0.071259.
[LOG] SystemI::createSoundInternal             : Create name='', mode=0x02000202
[LOG] SystemI::createSoundInternal             : exinfo->cbsize             = 224
[LOG] SystemI::createSoundInternal             : exinfo->length             = 3968544
[LOG] SystemI::createSoundInternal             : exinfo->fileoffset         = 15808
[LOG] SystemI::createSoundInternal             : exinfo->numsubsounds       = 1
[LOG] SystemI::createSoundInternal             : exinfo->inclusionlist      = 0000005CB34FF268
[LOG] SystemI::createSoundInternal             : exinfo->inclusionlistnum   = 1
[LOG] SystemI::createSoundInternal             : exinfo->suggestedsoundtype = 5
[LOG] SystemI::createSoundInternal             : exinfo->useropen           = 00007FFD4B62D480
[LOG] SystemI::createSoundInternal             : exinfo->userclose          = 00007FFD4B62D440
[LOG] SystemI::createSoundInternal             : exinfo->userread           = 00007FFD4B62D560
[LOG] SystemI::createSoundInternal             : exinfo->userseek           = 00007FFD4B62D620
[LOG] SystemI::createSoundInternal             : exinfo->fileuserdata       = 00000225BF384AD8
[LOG] SystemI::createSoundInternal             : exinfo->initialseekpostype = 1
[LOG] SystemI::DSPCodecPoolRegister            : register codec pool for pool type 4
[LOG] SystemI::createSoundInternal             : Sample 0/1: name='Gravel1', format=5, channels=1, frequency=48000, lengthbytes=1984, lengthpcm=9167, pcmblocksize=0, loopstart=0, loopend=0, mode=0x00000000, channelmask=0x00000000, channelorder=0, peakvolume=0.101593.
[LOG] SystemI::createSoundInternal             : Create name='', mode=0x02000202
[LOG] SystemI::createSoundInternal             : exinfo->cbsize             = 224
[LOG] SystemI::createSoundInternal             : exinfo->length             = 3968544
[LOG] SystemI::createSoundInternal             : exinfo->fileoffset         = 15808
[LOG] SystemI::createSoundInternal             : exinfo->numsubsounds       = 1
[LOG] SystemI::createSoundInternal             : exinfo->inclusionlist      = 0000005CB34FF268
[LOG] SystemI::createSoundInternal             : exinfo->inclusionlistnum   = 1
[LOG] SystemI::createSoundInternal             : exinfo->suggestedsoundtype = 5
[LOG] SystemI::createSoundInternal             : exinfo->useropen           = 00007FFD4B62D480
[LOG] SystemI::createSoundInternal             : exinfo->userclose          = 00007FFD4B62D440
[LOG] SystemI::createSoundInternal             : exinfo->userread           = 00007FFD4B62D560
[LOG] SystemI::createSoundInternal             : exinfo->userseek           = 00007FFD4B62D620
[LOG] SystemI::createSoundInternal             : exinfo->fileuserdata       = 00000225BF384AD8
[LOG] SystemI::createSoundInternal             : exinfo->initialseekpostype = 1
[LOG] SystemI::DSPCodecPoolRegister            : register codec pool for pool type 4
[LOG] SystemI::createSoundInternal             : Sample 0/1: name='Gravel5', format=5, channels=1, frequency=48000, lengthbytes=1984, lengthpcm=9167, pcmblocksize=0, loopstart=0, loopend=0, mode=0x00000000, channelmask=0x00000000, channelorder=0, peakvolume=0.091736.
[LOG] SystemI::createSoundInternal             : Create name='', mode=0x02000202
[LOG] SystemI::createSoundInternal             : exinfo->cbsize             = 224
[LOG] SystemI::createSoundInternal             : exinfo->length             = 3968544
[LOG] SystemI::createSoundInternal             : exinfo->fileoffset         = 15808
[LOG] SystemI::createSoundInternal             : exinfo->numsubsounds       = 1
[LOG] SystemI::createSoundInternal             : exinfo->inclusionlist      = 0000005CB34FF268
[LOG] SystemI::createSoundInternal             : exinfo->inclusionlistnum   = 1
[LOG] SystemI::createSoundInternal             : exinfo->suggestedsoundtype = 5
[LOG] SystemI::createSoundInternal             : exinfo->useropen           = 00007FFD4B62D480
[LOG] SystemI::createSoundInternal             : exinfo->userclose          = 00007FFD4B62D440
[LOG] SystemI::createSoundInternal             : exinfo->userread           = 00007FFD4B62D560
[LOG] SystemI::createSoundInternal             : exinfo->userseek           = 00007FFD4B62D620
[LOG] SystemI::createSoundInternal             : exinfo->fileuserdata       = 00000225BF384AD8
[LOG] SystemI::createSoundInternal             : exinfo->initialseekpostype = 1
[LOG] SystemI::DSPCodecPoolRegister            : register codec pool for pool type 4
[LOG] SystemI::createSoundInternal             : Sample 0/1: name='Gravel2', format=5, channels=1, frequency=48000, lengthbytes=2048, lengthpcm=9167, pcmblocksize=0, loopstart=0, loopend=0, mode=0x00000000, channelmask=0x00000000, channelorder=0, peakvolume=0.118164.
[LOG] SystemI::createSoundInternal             : Create name='', mode=0x02000202
[LOG] SystemI::createSoundInternal             : exinfo->cbsize             = 224
[LOG] SystemI::createSoundInternal             : exinfo->length             = 3968544
[LOG] SystemI::createSoundInternal             : exinfo->fileoffset         = 15808
[LOG] SystemI::createSoundInternal             : exinfo->numsubsounds       = 1
[LOG] SystemI::createSoundInternal             : exinfo->inclusionlist      = 0000005CB34FF268
[LOG] SystemI::createSoundInternal             : exinfo->inclusionlistnum   = 1
[LOG] SystemI::createSoundInternal             : exinfo->suggestedsoundtype = 5
[LOG] SystemI::createSoundInternal             : exinfo->useropen           = 00007FFD4B62D480
[LOG] SystemI::createSoundInternal             : exinfo->userclose          = 00007FFD4B62D440
[LOG] SystemI::createSoundInternal             : exinfo->userread           = 00007FFD4B62D560
[LOG] SystemI::createSoundInternal             : exinfo->userseek           = 00007FFD4B62D620
[LOG] SystemI::createSoundInternal             : exinfo->fileuserdata       = 00000225BF384AD8
[LOG] SystemI::createSoundInternal             : exinfo->initialseekpostype = 1
[LOG] SystemI::DSPCodecPoolRegister            : register codec pool for pool type 4
[LOG] SystemI::createSoundInternal             : Sample 0/1: name='Gravel3', format=5, channels=1, frequency=48000, lengthbytes=1856, lengthpcm=9167, pcmblocksize=0, loopstart=0, loopend=0, mode=0x00000000, channelmask=0x00000000, channelorder=0, peakvolume=0.099854.
[LOG] SystemI::createSoundInternal             : Create name='', mode=0x02000202
[LOG] SystemI::createSoundInternal             : exinfo->cbsize             = 224
[LOG] SystemI::createSoundInternal             : exinfo->length             = 3968544
[LOG] SystemI::createSoundInternal             : exinfo->fileoffset         = 15808
[LOG] SystemI::createSoundInternal             : exinfo->numsubsounds       = 1
[LOG] SystemI::createSoundInternal             : exinfo->inclusionlist      = 0000005CB34FF268
[LOG] SystemI::createSoundInternal             : exinfo->inclusionlistnum   = 1
[LOG] SystemI::createSoundInternal             : exinfo->suggestedsoundtype = 5
[LOG] SystemI::createSoundInternal             : exinfo->useropen           = 00007FFD4B62D480
[LOG] SystemI::createSoundInternal             : exinfo->userclose          = 00007FFD4B62D440
[LOG] SystemI::createSoundInternal             : exinfo->userread           = 00007FFD4B62D560
[LOG] SystemI::createSoundInternal             : exinfo->userseek           = 00007FFD4B62D620
[LOG] SystemI::createSoundInternal             : exinfo->fileuserdata       = 00000225BF384AD8
[LOG] SystemI::createSoundInternal             : exinfo->initialseekpostype = 1
[LOG] SystemI::DSPCodecPoolRegister            : register codec pool for pool type 4
[LOG] SystemI::createSoundInternal             : Sample 0/1: name='Gravel', format=5, channels=1, frequency=48000, lengthbytes=2144, lengthpcm=9167, pcmblocksize=0, loopstart=0, loopend=0, mode=0x00000000, channelmask=0x00000000, channelorder=0, peakvolume=0.084412.
[LOG] SystemI::createSoundInternal             : Create name='', mode=0x02000202
[LOG] SystemI::createSoundInternal             : exinfo->cbsize             = 224
[LOG] SystemI::createSoundInternal             : exinfo->length             = 3968544
[LOG] SystemI::createSoundInternal             : exinfo->fileoffset         = 15808
[LOG] SystemI::createSoundInternal             : exinfo->numsubsounds       = 1
[LOG] SystemI::createSoundInternal             : exinfo->inclusionlist      = 0000005CB34FF268
[LOG] SystemI::createSoundInternal             : exinfo->inclusionlistnum   = 1
[LOG] SystemI::createSoundInternal             : exinfo->suggestedsoundtype = 5
[LOG] SystemI::createSoundInternal             : exinfo->useropen           = 00007FFD4B62D480
[LOG] SystemI::createSoundInternal             : exinfo->userclose          = 00007FFD4B62D440
[LOG] SystemI::createSoundInternal             : exinfo->userread           = 00007FFD4B62D560
[LOG] SystemI::createSoundInternal             : exinfo->userseek           = 00007FFD4B62D620
[LOG] SystemI::createSoundInternal             : exinfo->fileuserdata       = 00000225BF384AD8
[LOG] SystemI::createSoundInternal             : exinfo->initialseekpostype = 1
[LOG] SystemI::DSPCodecPoolRegister            : register codec pool for pool type 4
[LOG] SystemI::createSoundInternal             : Sample 0/1: name='Gravel4', format=5, channels=1, frequency=48000, lengthbytes=2240, lengthpcm=9167, pcmblocksize=0, loopstart=0, loopend=0, mode=0x00000000, channelmask=0x00000000, channelorder=0, peakvolume=0.084930.
[LOG] SoundI::release                          :  (00000226D9857708)
[LOG] SoundI::release                          :     Hit (00000225CDD35368)
[LOG] SoundI::release                          :  (00000226D9855A28)
[LOG] SoundI::release                          :     Hit1 (00000225CDD38AE8)
[LOG] SoundI::release                          :  (00000226D98563C8)
[LOG] SoundI::release                          :     Hit2 (00000225CDD387E8)
[LOG] SoundI::release                          :  (00000226D98567E8)
[LOG] SoundI::release                          :     Hit4 (00000225CDD38DE8)
[LOG] SoundI::release                          :  (00000226D9857C88)
[LOG] SoundI::release                          :     Hit5 (00000225CDD37BE8)
[LOG] SoundI::release                          :  (00000226D9859EE8)
[LOG] SoundI::release                          :     Pickup (00000225CDD378E8)
[LOG] SoundI::release                          :  (00000226D9859C28)
[LOG] SoundI::release                          :     Gravel (00000225CDD35668)
[LOG] SoundI::release                          :  (00000226D985A1A8)
[LOG] SoundI::release                          :     Gravel1 (00000225CDD363E8)
[LOG] SoundI::release                          :  (00000226D9858788)
[LOG] SoundI::release                          :     Gravel2 (00000225CDD369E8)
[LOG] SoundI::release                          :  (00000226D985A308)
[LOG] SoundI::release                          :     Gravel3 (00000225CDD38368)
[LOG] SoundI::release                          :  (00000226D985A5C8)
[LOG] SoundI::release                          :     Gravel4 (00000225CDD366E8)
[LOG] SoundI::release                          :  (00000226D9855FA8)
[LOG] SoundI::release                          :     Gravel5 (00000225CDD38968)
[LOG] Thread::callback                         : FMOD Studio bank load thread finished.
[LOG] Thread::callback                         : FMOD Studio sample load thread finished.
[LOG] LiveUpdate::release                      : 
[LOG] LiveUpdate::reset                        : Reset connection (reason Disconnected)
[LOG] Thread::callback                         : FMOD stream thread finished.
[LOG] Thread::callback                         : FMOD mixer thread finished.
[LOG] SystemI::closeInternal                   : Closed.
